2020-01-17 18:45:19.199 DEBUG 1 --- [nio-8080-exec-9] o.s.s.w.a.i.FilterSecurityInterceptor    : Previously Authenticated: org.springframework.security.oauth2.client.authentication.OAuth2AuthenticationToken@fe98e33e: Principal: Name: [mk], Granted Authorities: [[ROLE_CREATE, ROLE_DEPLOY, ROLE_DESTROY, ROLE_MANAGE, ROLE_MODIFY, ROLE_SCHEDULE, ROLE_VIEW]], User Attributes: [{sub=6825ba9b-3c13-481b-be00-3b04ed9bbeea, email_verified=false, iss=http://keycloak-http:8844/auth/realms/master, typ=ID, preferred_username=mk, nonce=i0eTaL_S7wAqcRM2fHwJnFx5KAjBd1P8_8VTm7jwvlU, aud=[dataflow], acr=0, nbf=Thu Jan 01 01:00:00 CET 1970, azp=dataflow, auth_time=2020-01-17T17:27:04Z, exp=2020-01-17T17:29:17Z, session_state=dab25db5-4907-4a37-95a9-a8db0ccf4f4c, iat=2020-01-17T17:28:17Z, jti=38ee3bbd-f5a0-4fff-aae3-c517c15a1188}]; Credentials: [PROTECTED]; Authenticated: true; Details: org.springframework.security.web.authentication.WebAuthenticationDetails@957e: RemoteIpAddress: 127.0.0.1; SessionId: F492023414C234AA7B277D7FE0DF85BB; Granted Authorities: ROLE_CREATE, ROLE_DEPLOY, ROLE_DESTROY, ROLE_MANAGE, ROLE_MODIFY, ROLE_SCHEDULE, ROLE_VIEW
2020-01-17 18:45:19.199 DEBUG 1 --- [nio-8080-exec-9] o.s.s.access.vote.AffirmativeBased       : Voter: org.springframework.security.web.access.expression.WebExpressionVoter@1be86ff9, returned: 1
2020-01-17 18:45:19.199 DEBUG 1 --- [nio-8080-exec-9] o.s.s.w.a.i.FilterSecurityInterceptor    : Authorization successful
2020-01-17 18:45:19.199 DEBUG 1 --- [nio-8080-exec-9] o.s.s.w.a.i.FilterSecurityInterceptor    : RunAsManager did not change Authentication object
2020-01-17 18:45:19.199 DEBUG 1 --- [nio-8080-exec-9] o.s.security.web.FilterChainProxy        : /dashboard/sourcesanspro-semibold-webfont.1ea2589cbe488394a6c7.woff reached end of additional filter chain; proceeding with original chain
2020-01-17 18:45:19.205 DEBUG 1 --- [nio-8080-exec-8] o.s.s.w.header.writers.HstsHeaderWriter  : Not injecting HSTS header since it did not match the requestMatcher org.springframework.security.web.header.writers.HstsHeaderWriter$SecureRequestMatcher@3e9cfd5e
2020-01-17 18:45:19.208 DEBUG 1 --- [nio-8080-exec-8] o.s.s.w.a.ExceptionTranslationFilter     : Chain processed normally
2020-01-17 18:45:19.208 DEBUG 1 --- [nio-8080-exec-8] s.s.w.c.SecurityContextPersistenceFilter : SecurityContextHolder now cleared, as request processing completed
2020-01-17 18:45:19.209 DEBUG 1 --- [nio-8080-exec-9] o.s.s.w.header.writers.HstsHeaderWriter  : Not injecting HSTS header since it did not match the requestMatcher org.springframework.security.web.header.writers.HstsHeaderWriter$SecureRequestMatcher@3e9cfd5e
2020-01-17 18:45:19.210 DEBUG 1 --- [nio-8080-exec-9] o.s.s.w.a.ExceptionTranslationFilter     : Chain processed normally
2020-01-17 18:45:19.211 DEBUG 1 --- [nio-8080-exec-9] s.s.w.c.SecurityContextPersistenceFilter : SecurityContextHolder now cleared, as request processing completed
2020-01-17 18:45:19.231 ERROR 1 --- [nio-8080-exec-3] o.s.c.d.s.c.RestControllerAdvice         : Caught exception while handling a request
org.springframework.web.client.HttpClientErrorException$Unauthorized: 401 Unauthorized
        at org.springframework.web.client.HttpClientErrorException.create(HttpClientErrorException.java:81)
        at org.springframework.web.client.DefaultResponseErrorHandler.handleError(DefaultResponseErrorHandler.java:123)
        at org.springframework.web.client.DefaultResponseErrorHandler.handleError(DefaultResponseErrorHandler.java:102)
        at org.springframework.cloud.skipper.client.SkipperClientResponseErrorHandler.handleError(SkipperClientResponseErrorHandler.java:78)
        at org.springframework.web.client.ResponseErrorHandler.handleError(ResponseErrorHandler.java:63)
        at org.springframework.web.client.RestTemplate.handleResponse(RestTemplate.java:785)
        at org.springframework.web.client.RestTemplate.doExecute(RestTemplate.java:743)
        at org.springframework.web.client.RestTemplate.execute(RestTemplate.java:677)
        at org.springframework.web.client.RestTemplate.getForObject(RestTemplate.java:318)
        at org.springframework.cloud.skipper.client.DefaultSkipperClient.info(DefaultSkipperClient.java:122)
        at org.springframework.cloud.dataflow.server.stream.SkipperStreamDeployer.environmentInfo(SkipperStreamDeployer.java:523)
        at org.springframework.cloud.dataflow.server.controller.AboutController.getAboutResource(AboutController.java:158)
        at sun.reflect.NativeMethodAccessorImpl.invoke0(Native Method)
        at sun.reflect.NativeMethodAccessorImpl.invoke(NativeMethodAccessorImpl.java:62)
        at sun.reflect.DelegatingMethodAccessorImpl.invoke(DelegatingMethodAccessorImpl.java:43)
        at java.lang.reflect.Method.invoke(Method.java:498)
        at org.springframework.web.method.support.InvocableHandlerMethod.doInvoke(InvocableHandlerMethod.java:190)
        at org.springframework.web.method.support.InvocableHandlerMethod.invokeForRequest(InvocableHandlerMethod.java:138)
        at org.springframework.web.servlet.mvc.method.annotation.ServletInvocableHandlerMethod.invokeAndHandle(ServletInvocableHandlerMethod.java:106)
        at org.springframework.web.servlet.mvc.method.annotation.RequestMappingHandlerAdapter.invokeHandlerMethod(RequestMappingHandlerAdapter.java:888)
        at org.springframework.web.servlet.mvc.method.annotation.RequestMappingHandlerAdapter.handleInternal(RequestMappingHandlerAdapter.java:793)
        at org.springframework.web.servlet.mvc.method.AbstractHandlerMethodAdapter.handle(AbstractHandlerMethodAdapter.java:87)
        at org.springframework.web.servlet.DispatcherServlet.doDispatch(DispatcherServlet.java:1040)
        at org.springframework.web.servlet.DispatcherServlet.doService(DispatcherServlet.java:943)
        at org.springframework.web.servlet.FrameworkServlet.processRequest(FrameworkServlet.java:1006)
        at org.springframework.web.servlet.FrameworkServlet.doGet(FrameworkServlet.java:898)
        at javax.servlet.http.HttpServlet.service(HttpServlet.java:634)
